<?xml version="1.0" encoding="UTF-8"?>
<!-- Generated by org.testng.reporters.JUnitXMLReporter -->
<testsuite ignored="0" hostname="DESKTOP-55TGAJ2" failures="0" tests="5" name="Default test" time="0.667" errors="0" timestamp="08 Aug 2021 23:31:29 GMT">
  <testcase classname="testcases.VerifyLoginFunctionality_POM" name="@BeforeTest setBrowser" time="0.0">
    <failure type="org.testng.TestNGException" message="
Parameter &amp;apos;sBrowserName&amp;apos; is required by BeforeTest on method setBrowser but has not been marked @Optional or defined
in C:\Users\shanm\AppData\Local\Temp\testng-eclipse--1313402463\testng-customsuite.xml">
      <![CDATA[org.testng.TestNGException: 
Parameter 'sBrowserName' is required by BeforeTest on method setBrowser but has not been marked @Optional or defined
in C:\Users\shanm\AppData\Local\Temp\testng-eclipse--1313402463\testng-customsuite.xml
	at org.testng.internal.Parameters.createParameters(Parameters.java:199)
	at org.testng.internal.Parameters.createParameters(Parameters.java:443)
	at org.testng.internal.Parameters.createConfigurationParameters(Parameters.java:118)
	at org.testng.internal.Invoker.invokeConfigurations(Invoker.java:203)
	at org.testng.internal.Invoker.invokeConfigurations(Invoker.java:144)
	at org.testng.TestRunner.beforeRun(TestRunner.java:634)
	at org.testng.TestRunner.run(TestRunner.java:602)
	at org.testng.SuiteRunner.runTest(SuiteRunner.java:387)
	at org.testng.SuiteRunner.runSequentially(SuiteRunner.java:382)
	at org.testng.SuiteRunner.privateRun(SuiteRunner.java:340)
	at org.testng.SuiteRunner.run(SuiteRunner.java:289)
	at org.testng.SuiteRunnerWorker.runSuite(SuiteRunnerWorker.java:52)
	at org.testng.SuiteRunnerWorker.run(SuiteRunnerWorker.java:86)
	at org.testng.TestNG.runSuitesSequentially(TestNG.java:1293)
	at org.testng.TestNG.runSuitesLocally(TestNG.java:1218)
	at org.testng.TestNG.runSuites(TestNG.java:1133)
	at org.testng.TestNG.run(TestNG.java:1104)
	at org.testng.remote.AbstractRemoteTestNG.run(AbstractRemoteTestNG.java:115)
	at org.testng.remote.RemoteTestNG.initAndRun(RemoteTestNG.java:251)
	at org.testng.remote.RemoteTestNG.main(RemoteTestNG.java:77)
]]>
    </failure>
  </testcase> <!-- @BeforeTest setBrowser -->
  <testcase classname="testcases.VerifyLoginFunctionality_POM" name="@BeforeMethod CreateReport" time="0.0">
    <skipped/>
  </testcase> <!-- @BeforeMethod CreateReport -->
  <testcase classname="testcases.VerifyLoginFunctionality_POM" name="@AfterMethod CloseDriver" time="0.0">
    <skipped/>
  </testcase> <!-- @AfterMethod CloseDriver -->
  <testcase classname="testcases.VerifyLoginFunctionality_POM" name="@BeforeMethod CreateReport" time="0.0">
    <skipped/>
  </testcase> <!-- @BeforeMethod CreateReport -->
  <testcase classname="testcases.VerifyLoginFunctionality_POM" name="@AfterMethod CloseDriver" time="0.0">
    <skipped/>
  </testcase> <!-- @AfterMethod CloseDriver -->
  <testcase classname="testcases.VerifyLoginFunctionality_POM" name="@BeforeMethod CreateReport" time="0.0">
    <skipped/>
  </testcase> <!-- @BeforeMethod CreateReport -->
  <testcase classname="testcases.VerifyLoginFunctionality_POM" name="@AfterMethod CloseDriver" time="0.0">
    <skipped/>
  </testcase> <!-- @AfterMethod CloseDriver -->
  <testcase classname="testcases.VerifyLoginFunctionality_POM" name="@BeforeMethod CreateReport" time="0.0">
    <skipped/>
  </testcase> <!-- @BeforeMethod CreateReport -->
  <testcase classname="testcases.VerifyLoginFunctionality_POM" name="@AfterMethod CloseDriver" time="0.0">
    <skipped/>
  </testcase> <!-- @AfterMethod CloseDriver -->
  <testcase classname="testcases.VerifyLoginFunctionality_POM" name="@BeforeMethod CreateReport" time="0.0">
    <skipped/>
  </testcase> <!-- @BeforeMethod CreateReport -->
  <testcase classname="testcases.VerifyLoginFunctionality_POM" name="@AfterMethod CloseDriver" time="0.0">
    <skipped/>
  </testcase> <!-- @AfterMethod CloseDriver -->
  <testcase classname="testcases.VerifyLoginFunctionality_POM" name="VerifyCheckRememberMe_03" time="0.021">
    <skipped/>
  </testcase> <!-- VerifyCheckRememberMe_03 -->
  <testcase classname="testcases.VerifyLoginFunctionality_POM" name="VerifyForgotPassword_04A" time="0.004">
    <skipped/>
  </testcase> <!-- VerifyForgotPassword_04A -->
  <testcase classname="testcases.VerifyLoginFunctionality_POM" name="VerifyForgotPassword_04B" time="0.003">
    <skipped/>
  </testcase> <!-- VerifyForgotPassword_04B -->
  <testcase classname="testcases.VerifyLoginFunctionality_POM" name="VerifyLoginErrorMessage_01" time="0.004">
    <skipped/>
  </testcase> <!-- VerifyLoginErrorMessage_01 -->
  <testcase classname="testcases.VerifyLoginFunctionality_POM" name="VerifyLoginToSalseForce_02" time="0.004">
    <skipped/>
  </testcase> <!-- VerifyLoginToSalseForce_02 -->
</testsuite> <!-- Default test -->
