<?xml version="1.0" encoding="UTF-8"?>
<!-- Generated by org.testng.reporters.JUnitXMLReporter -->
<testsuite ignored="0" hostname="DESKTOP-55TGAJ2" failures="1" tests="5" name="LoginTest on chrome" time="96.275" errors="0" timestamp="09 Aug 2021 00:53:04 GMT">
  <testcase classname="testcases.VerifyLoginFunctionality_POM" name="VerifyLoginErrorMessage_01" time="7.775"/>
  <testcase classname="testcases.VerifyLoginFunctionality_POM" name="VerifyLoginToSalseForce_02" time="11.322"/>
  <testcase classname="testcases.VerifyLoginFunctionality_POM" name="VerifyCheckRememberMe_03" time="17.663">
    <failure type="java.lang.AssertionError" message="The following asserts failed:
	expected [nirmala.march21@abc.com] but found []">
      <![CDATA[java.lang.AssertionError: The following asserts failed:
	expected [nirmala.march21@abc.com] but found []
	at testcases.VerifyLoginFunctionality_POM.VerifyCheckRememberMe_03(VerifyLoginFunctionality_POM.java:138)
... Removed 26 stack frames]]>
    </failure>
  </testcase> <!-- VerifyCheckRememberMe_03 -->
  <testcase classname="testcases.VerifyLoginFunctionality_POM" name="VerifyForgotPassword_04A" time="36.486"/>
  <testcase classname="testcases.VerifyLoginFunctionality_POM" name="VerifyForgotPassword_04B" time="6.056"/>
</testsuite> <!-- LoginTest on chrome -->
