<html>
<head>
<title>TestNG:  LoginTest on firefox</title>
<link href="../testng.css" rel="stylesheet" type="text/css" />
<link href="../my-testng.css" rel="stylesheet" type="text/css" />

<style type="text/css">
.log { display: none;} 
.stack-trace { display: none;} 
</style>
<script type="text/javascript">
<!--
function flip(e) {
  current = e.style.display;
  if (current == 'block') {
    e.style.display = 'none';
    return 0;
  }
  else {
    e.style.display = 'block';
    return 1;
  }
}

function toggleBox(szDivId, elem, msg1, msg2)
{
  var res = -1;  if (document.getElementById) {
    res = flip(document.getElementById(szDivId));
  }
  else if (document.all) {
    // this is the way old msie versions work
    res = flip(document.all[szDivId]);
  }
  if(elem) {
    if(res == 0) elem.innerHTML = msg1; else elem.innerHTML = msg2;
  }

}

function toggleAllBoxes() {
  if (document.getElementsByTagName) {
    d = document.getElementsByTagName('div');
    for (i = 0; i < d.length; i++) {
      if (d[i].className == 'log') {
        flip(d[i]);
      }
    }
  }
}

// -->
</script>

</head>
<body>
<h2 align='center'>LoginTest on firefox</h2><table border='1' align="center">
<tr>
<td>Tests passed/Failed/Skipped:</td><td>1/1/0</td>
</tr><tr>
<td>Started on:</td><td>Sat May 22 00:55:51 MDT 2021</td>
</tr>
<tr><td>Total time:</td><td>23 seconds (23789 ms)</td>
</tr><tr>
<td>Included groups:</td><td></td>
</tr><tr>
<td>Excluded groups:</td><td></td>
</tr>
</table><p/>
<small><i>(Hover the method name to see the test class name)</i></small><p/>
<table width='100%' border='1' class='invocation-failed'>
<tr><td colspan='4' align='center'><b>FAILED TESTS</b></td></tr>
<tr><td><b>Test method</b></td>
<td width="30%"><b>Exception</b></td>
<td width="10%"><b>Time (seconds)</b></td>
<td><b>Instance</b></td>
</tr>
<tr>
<td title='testcases.VerifyLoginFunctionality_2.VerifyLoginToSalseForce_02()'><b>VerifyLoginToSalseForce_02</b><br>Test class: testcases.VerifyLoginFunctionality_2<br>Parameters: public void testcases.VerifyLoginFunctionality_2.VerifyLoginToSalseForce_02(java.lang.reflect.Method) throws java.io.IOException</td>
<td><div><pre>java.lang.AssertionError: The following asserts failed:
	expected [https://abccom359-dev-ed.my.salesforce.com/setup/forcecomHomepage.apexp?setupid=ForceCom] but found [https://abccom359-dev-ed--c.documentforce.com/secur/contentDoor?startURL=https%3A%2F%2Fabccom359-dev-ed.my.salesforce.com%2Fsetup%2FforcecomHomepage.apexp%3Fsetupid%3DForceCom&amp;sid=00D5e000000J7Y4%21AQkAQO_85_GmcmsdB.mMcsc9yveRLx7PMeB492B.Rr5uxag6uQauf1osSgksbBKdWED3aB_4qYe5RehFHkmH3UGoqS20i1a6&amp;skipRedirect=1&amp;lm=eyJlbmMiOiJBMjU2R0NNIiwiYXVkIjoiMDBENWUwMDAwMDBKN1k0Iiwia2lkIjoie1widFwiOlwiMDBENWUwMDAwMDBKN1k0XCIsXCJ2XCI6XCIwMkc1ZTAwMDAwMFBuU2tcIixcImFcIjpcImNvbnRlbnRkb29ydXNlcnRyYW5zaWVudGtleWVuY3J5cHRcIixcInVcIjpcIjAwNTVlMDAwMDAwcVhzbVwifSIsImNyaXQiOlsiaWF0Il0sImlhdCI6MTYyMTY2NjU2ODcxNywiZXhwIjowfQ%3D%3D..UtVaYIsToidAKdhp.EOM46UPAr_0i3SiI4yNVzw%3D%3D.7ignpIgUr9NC3Z_-6D8a7g%3D%3D]
	at testcases.VerifyLoginFunctionality_2.VerifyLoginToSalseForce_02(VerifyLoginFunctionality_2.java:120)
... Removed 26 stack frames</pre></div><a href='#' onClick='toggleBox("stack-trace1264191370", this, "Click to show all stack frames", "Click to hide stack frames")'>Click to show all stack frames</a>
<div class='stack-trace' id='stack-trace1264191370'><pre>java.lang.AssertionError: The following asserts failed:
	expected [https://abccom359-dev-ed.my.salesforce.com/setup/forcecomHomepage.apexp?setupid=ForceCom] but found [https://abccom359-dev-ed--c.documentforce.com/secur/contentDoor?startURL=https%3A%2F%2Fabccom359-dev-ed.my.salesforce.com%2Fsetup%2FforcecomHomepage.apexp%3Fsetupid%3DForceCom&amp;sid=00D5e000000J7Y4%21AQkAQO_85_GmcmsdB.mMcsc9yveRLx7PMeB492B.Rr5uxag6uQauf1osSgksbBKdWED3aB_4qYe5RehFHkmH3UGoqS20i1a6&amp;skipRedirect=1&amp;lm=eyJlbmMiOiJBMjU2R0NNIiwiYXVkIjoiMDBENWUwMDAwMDBKN1k0Iiwia2lkIjoie1widFwiOlwiMDBENWUwMDAwMDBKN1k0XCIsXCJ2XCI6XCIwMkc1ZTAwMDAwMFBuU2tcIixcImFcIjpcImNvbnRlbnRkb29ydXNlcnRyYW5zaWVudGtleWVuY3J5cHRcIixcInVcIjpcIjAwNTVlMDAwMDAwcVhzbVwifSIsImNyaXQiOlsiaWF0Il0sImlhdCI6MTYyMTY2NjU2ODcxNywiZXhwIjowfQ%3D%3D..UtVaYIsToidAKdhp.EOM46UPAr_0i3SiI4yNVzw%3D%3D.7ignpIgUr9NC3Z_-6D8a7g%3D%3D]
	at org.testng.asserts.SoftAssert.assertAll(SoftAssert.java:43)
	at testcases.VerifyLoginFunctionality_2.VerifyLoginToSalseForce_02(VerifyLoginFunctionality_2.java:120)
	at java.base/jdk.internal.reflect.NativeMethodAccessorImpl.invoke0(Native Method)
	at java.base/jdk.internal.reflect.NativeMethodAccessorImpl.invoke(NativeMethodAccessorImpl.java:64)
	at java.base/jdk.internal.reflect.DelegatingMethodAccessorImpl.invoke(DelegatingMethodAccessorImpl.java:43)
	at java.base/java.lang.reflect.Method.invoke(Method.java:564)
	at org.testng.internal.MethodInvocationHelper.invokeMethod(MethodInvocationHelper.java:104)
	at org.testng.internal.Invoker.invokeMethod(Invoker.java:645)
	at org.testng.internal.Invoker.invokeTestMethod(Invoker.java:851)
	at org.testng.internal.Invoker.invokeTestMethods(Invoker.java:1177)
	at org.testng.internal.TestMethodWorker.invokeTestMethods(TestMethodWorker.java:129)
	at org.testng.internal.TestMethodWorker.run(TestMethodWorker.java:112)
	at org.testng.TestRunner.privateRun(TestRunner.java:756)
	at org.testng.TestRunner.run(TestRunner.java:610)
	at org.testng.SuiteRunner.runTest(SuiteRunner.java:387)
	at org.testng.SuiteRunner.runSequentially(SuiteRunner.java:382)
	at org.testng.SuiteRunner.privateRun(SuiteRunner.java:340)
	at org.testng.SuiteRunner.run(SuiteRunner.java:289)
	at org.testng.SuiteRunnerWorker.runSuite(SuiteRunnerWorker.java:52)
	at org.testng.SuiteRunnerWorker.run(SuiteRunnerWorker.java:86)
	at org.testng.TestNG.runSuitesSequentially(TestNG.java:1293)
	at org.testng.TestNG.runSuitesLocally(TestNG.java:1218)
	at org.testng.TestNG.runSuites(TestNG.java:1133)
	at org.testng.TestNG.run(TestNG.java:1104)
	at org.testng.remote.AbstractRemoteTestNG.run(AbstractRemoteTestNG.java:115)
	at org.testng.remote.RemoteTestNG.initAndRun(RemoteTestNG.java:251)
	at org.testng.remote.RemoteTestNG.main(RemoteTestNG.java:77)
</pre></div></td>
<td>8</td>
<td>testcases.VerifyLoginFunctionality_2@27d5a580</td></tr>
</table><p>
<table width='100%' border='1' class='invocation-passed'>
<tr><td colspan='4' align='center'><b>PASSED TESTS</b></td></tr>
<tr><td><b>Test method</b></td>
<td width="30%"><b>Exception</b></td>
<td width="10%"><b>Time (seconds)</b></td>
<td><b>Instance</b></td>
</tr>
<tr>
<td title='testcases.VerifyLoginFunctionality_2.VerifyLoginErrorMessage_01()'><b>VerifyLoginErrorMessage_01</b><br>Test class: testcases.VerifyLoginFunctionality_2<br>Parameters: public void testcases.VerifyLoginFunctionality_2.VerifyLoginErrorMessage_01(java.lang.reflect.Method) throws java.io.IOException</td>
<td></td>
<td>6</td>
<td>testcases.VerifyLoginFunctionality_2@27d5a580</td></tr>
</table><p>
</body>
</html>