<!DOCTYPE html PUBLIC "-//W3C//DTD XHTML 1.1//EN" "http://www.w3.org/TR/xhtml11/DTD/xhtml11.dtd">
<html xmlns="http://www.w3.org/1999/xhtml"><head><title>TestNG Report</title><style type="text/css">table {margin-bottom:10px;border-collapse:collapse;empty-cells:show}th,td {border:1px solid #009;padding:.25em .5em}th {vertical-align:bottom}td {vertical-align:top}table a {font-weight:bold}.stripe td {background-color: #E6EBF9}.num {text-align:right}.passedodd td {background-color: #3F3}.passedeven td {background-color: #0A0}.skippedodd td {background-color: #DDD}.skippedeven td {background-color: #CCC}.failedodd td,.attn {background-color: #F33}.failedeven td,.stripe .attn {background-color: #D00}.stacktrace {white-space:pre;font-family:monospace}.totop {font-size:85%;text-align:center;border-bottom:2px solid #000}</style></head><body><table><tr><th>Test</th><th># Passed</th><th># Skipped</th><th># Failed</th><th>Time (ms)</th><th>Included Groups</th><th>Excluded Groups</th></tr><tr><th colspan="7">AccountsFunctionality</th></tr><tr><td><a href="#t0">Accounts Test on chrome</a></td><td class="num">1</td><td class="num">0</td><td class="num attn">1</td><td class="num">35,891</td><td></td><td></td></tr></table><table><thead><tr><th>Class</th><th>Method</th><th>Start</th><th>Time (ms)</th></tr></thead><tbody><tr><th colspan="4">AccountsFunctionality</th></tr></tbody><tbody id="t0"><tr><th colspan="4">Accounts Test on chrome &#8212; failed (configuration methods)</th></tr><tr class="failedeven"><td rowspan="1">testcases.VerifyAccountsModule</td><td><a href="#m0">CloseDriver</a></td><td rowspan="1">1621862064176</td><td rowspan="1">0</td></tr><tr><th colspan="4">Accounts Test on chrome &#8212; failed</th></tr><tr class="failedeven"><td rowspan="1">testcases.VerifyAccountsModule</td><td><a href="#m1">TC12_Editview</a></td><td rowspan="1">1621862049913</td><td rowspan="1">14053</td></tr><tr><th colspan="4">Accounts Test on chrome &#8212; passed</th></tr><tr class="passedeven"><td rowspan="1">testcases.VerifyAccountsModule</td><td><a href="#m2">TC10_CreateAccount</a></td><td rowspan="1">1621862028537</td><td rowspan="1">14173</td></tr></tbody></table><h2>Accounts Test on chrome</h2><h3 id="m0">testcases.VerifyAccountsModule#CloseDriver</h3><table class="result"><tr><th>Exception</th></tr><tr><td><div class="stacktrace">java.lang.AssertionError: The following asserts failed:
	expected [https://abccom359-dev-ed.my.salesforce.com/setup/forcecomHomepage.apexp?setupid=ForceCom] but found [https://abccom359-dev-ed--c.documentforce.com/secur/contentDoor?startURL=https%3A%2F%2Fabccom359-dev-ed.my.salesforce.com%2Fsetup%2FforcecomHomepage.apexp%3Fsetupid%3DForceCom&amp;sid=00D5e000000J7Y4%21AQkAQDBgXXsmukRAvsqDy_ARHCwuvnnK82sgmDifY024M2Ca5XlGdJaZvWrKGcTUGC4.wdpdII00DpWceXtd2urjM.Dy3Jjd&amp;skipRedirect=1&amp;lm=eyJlbmMiOiJBMjU2R0NNIiwiYXVkIjoiMDBENWUwMDAwMDBKN1k0Iiwia2lkIjoie1widFwiOlwiMDBENWUwMDAwMDBKN1k0XCIsXCJ2XCI6XCIwMkc1ZTAwMDAwMFBuU2tcIixcImFcIjpcImNvbnRlbnRkb29ydXNlcnRyYW5zaWVudGtleWVuY3J5cHRcIixcInVcIjpcIjAwNTVlMDAwMDAwcVhzbVwifSIsImNyaXQiOlsiaWF0Il0sImlhdCI6MTYyMTg2MjA1MjcyMSwiZXhwIjowfQ%3D%3D..iqojOJ7grTZPXflx.pagRrD-6Q0k7EFB2wtNpJw%3D%3D.Iqa_MMWmrLgl2iBFi3Ioyg%3D%3D]
	at org.testng.asserts.SoftAssert.assertAll(SoftAssert.java:43)
	at testcases.VerifyAccountsModule.CloseDriver(VerifyAccountsModule.java:40)
	at java.base/jdk.internal.reflect.NativeMethodAccessorImpl.invoke0(Native Method)
	at java.base/jdk.internal.reflect.NativeMethodAccessorImpl.invoke(NativeMethodAccessorImpl.java:64)
	at java.base/jdk.internal.reflect.DelegatingMethodAccessorImpl.invoke(DelegatingMethodAccessorImpl.java:43)
	at java.base/java.lang.reflect.Method.invoke(Method.java:564)
	at org.testng.internal.MethodInvocationHelper.invokeMethod(MethodInvocationHelper.java:104)
	at org.testng.internal.Invoker.invokeConfigurationMethod(Invoker.java:515)
	at org.testng.internal.Invoker.invokeConfigurations(Invoker.java:217)
	at org.testng.internal.Invoker.invokeMethod(Invoker.java:712)
	at org.testng.internal.Invoker.invokeTestMethod(Invoker.java:851)
	at org.testng.internal.Invoker.invokeTestMethods(Invoker.java:1177)
	at org.testng.internal.TestMethodWorker.invokeTestMethods(TestMethodWorker.java:129)
	at org.testng.internal.TestMethodWorker.run(TestMethodWorker.java:112)
	at org.testng.TestRunner.privateRun(TestRunner.java:756)
	at org.testng.TestRunner.run(TestRunner.java:610)
	at org.testng.SuiteRunner.runTest(SuiteRunner.java:387)
	at org.testng.SuiteRunner.runSequentially(SuiteRunner.java:382)
	at org.testng.SuiteRunner.privateRun(SuiteRunner.java:340)
	at org.testng.SuiteRunner.run(SuiteRunner.java:289)
	at org.testng.SuiteRunnerWorker.runSuite(SuiteRunnerWorker.java:52)
	at org.testng.SuiteRunnerWorker.run(SuiteRunnerWorker.java:86)
	at org.testng.TestNG.runSuitesSequentially(TestNG.java:1293)
	at org.testng.TestNG.runSuitesLocally(TestNG.java:1218)
	at org.testng.TestNG.runSuites(TestNG.java:1133)
	at org.testng.TestNG.run(TestNG.java:1104)
	at org.testng.remote.AbstractRemoteTestNG.run(AbstractRemoteTestNG.java:115)
	at org.testng.remote.RemoteTestNG.initAndRun(RemoteTestNG.java:251)
	at org.testng.remote.RemoteTestNG.main(RemoteTestNG.java:77)
</div></td></tr></table><p class="totop"><a href="#summary">back to summary</a></p><h3 id="m1">testcases.VerifyAccountsModule#TC12_Editview</h3><table class="result"><tr class="param"><th>Parameter #1</th></tr><tr class="param stripe"><td>public void testcases.VerifyAccountsModule.TC12_Editview(java.lang.reflect.Method) throws java.io.IOException,java.lang.InterruptedException</td></tr><tr><th>Exception</th></tr><tr><td><div class="stacktrace">org.openqa.selenium.NoSuchElementException: Cannot locate element with text: NirmalaShanmugamani
For documentation on this error, please visit: https://www.seleniumhq.org/exceptions/no_such_element.html
Build info: version: &apos;3.141.59&apos;, revision: &apos;e82be7d358&apos;, time: &apos;2018-11-14T08:17:03&apos;
System info: host: &apos;DESKTOP-55TGAJ2&apos;, ip: &apos;192.168.0.25&apos;, os.name: &apos;Windows 10&apos;, os.arch: &apos;amd64&apos;, os.version: &apos;10.0&apos;, java.version: &apos;15.0.1&apos;
Driver info: driver.version: unknown
	at org.openqa.selenium.support.ui.Select.selectByVisibleText(Select.java:147)
	at base.BaseTest.SelectByText(BaseTest.java:171)
	at testcases.VerifyAccountsModule.TC12_Editview(VerifyAccountsModule.java:113)
	at java.base/jdk.internal.reflect.NativeMethodAccessorImpl.invoke0(Native Method)
	at java.base/jdk.internal.reflect.NativeMethodAccessorImpl.invoke(NativeMethodAccessorImpl.java:64)
	at java.base/jdk.internal.reflect.DelegatingMethodAccessorImpl.invoke(DelegatingMethodAccessorImpl.java:43)
	at java.base/java.lang.reflect.Method.invoke(Method.java:564)
	at org.testng.internal.MethodInvocationHelper.invokeMethod(MethodInvocationHelper.java:104)
	at org.testng.internal.Invoker.invokeMethod(Invoker.java:645)
	at org.testng.internal.Invoker.invokeTestMethod(Invoker.java:851)
	at org.testng.internal.Invoker.invokeTestMethods(Invoker.java:1177)
	at org.testng.internal.TestMethodWorker.invokeTestMethods(TestMethodWorker.java:129)
	at org.testng.internal.TestMethodWorker.run(TestMethodWorker.java:112)
	at org.testng.TestRunner.privateRun(TestRunner.java:756)
	at org.testng.TestRunner.run(TestRunner.java:610)
	at org.testng.SuiteRunner.runTest(SuiteRunner.java:387)
	at org.testng.SuiteRunner.runSequentially(SuiteRunner.java:382)
	at org.testng.SuiteRunner.privateRun(SuiteRunner.java:340)
	at org.testng.SuiteRunner.run(SuiteRunner.java:289)
	at org.testng.SuiteRunnerWorker.runSuite(SuiteRunnerWorker.java:52)
	at org.testng.SuiteRunnerWorker.run(SuiteRunnerWorker.java:86)
	at org.testng.TestNG.runSuitesSequentially(TestNG.java:1293)
	at org.testng.TestNG.runSuitesLocally(TestNG.java:1218)
	at org.testng.TestNG.runSuites(TestNG.java:1133)
	at org.testng.TestNG.run(TestNG.java:1104)
	at org.testng.remote.AbstractRemoteTestNG.run(AbstractRemoteTestNG.java:115)
	at org.testng.remote.RemoteTestNG.initAndRun(RemoteTestNG.java:251)
	at org.testng.remote.RemoteTestNG.main(RemoteTestNG.java:77)
</div></td></tr></table><p class="totop"><a href="#summary">back to summary</a></p><h3 id="m2">testcases.VerifyAccountsModule#TC10_CreateAccount</h3><table class="result"><tr class="param"><th>Parameter #1</th></tr><tr class="param stripe"><td>public void testcases.VerifyAccountsModule.TC10_CreateAccount(java.lang.reflect.Method) throws java.io.IOException,java.lang.InterruptedException</td></tr></table><p class="totop"><a href="#summary">back to summary</a></p></body></html>